Using pre-set license
Built from '2020.3/staging' branch; Version is '2020.3.6f1 (338bb68529b2) revision 3378102'; Using compiler version '192528614'; Build Type 'Release'
OS: 'Windows 10 Home; OS build 19043.1348; Version 2009; 64bit' Language: 'ko' Physical Memory: 16023 MB
BatchMode: 1, IsHumanControllingUs: 0, StartBugReporterOnCrash: 0, Is64bit: 1, IsPro: 0

 COMMAND LINE ARGUMENTS:
C:\Program Files\Unity\Hub\Editor\2020.3.6f1\Editor\Unity.exe
-adb2
-batchMode
-noUpm
-name
AssetImportWorker0
-projectPath
C:/Users/kayla/Shooting game
-logFile
Logs/AssetImportWorker0.log
-srvPort
53229
Successfully changed project path to: C:/Users/kayla/Shooting game
C:/Users/kayla/Shooting game
Using Asset Import Pipeline V2.
Refreshing native plugins compatible for Editor in 30.80 ms, found 1 plugins.
Preloading 0 native plugins for Editor in 0.00 ms.
Initialize engine version: 2020.3.6f1 (338bb68529b2)
[Subsystems] Discovering subsystems at path C:/Program Files/Unity/Hub/Editor/2020.3.6f1/Editor/Data/Resources/UnitySubsystems
[Subsystems] Discovering subsystems at path C:/Users/kayla/Shooting game/Assets
GfxDevice: creating device client; threaded=0
Direct3D:
    Version:  Direct3D 11.0 [level 11.1]
    Renderer: Intel(R) Iris(R) Xe Graphics (ID=0x9a49)
    Vendor:   
    VRAM:     8011 MB
    Driver:   30.0.100.9864
Initialize mono
Mono path[0] = 'C:/Program Files/Unity/Hub/Editor/2020.3.6f1/Editor/Data/Managed'
Mono path[1] = 'C:/Program Files/Unity/Hub/Editor/2020.3.6f1/Editor/Data/MonoBleedingEdge/lib/mono/unityjit'
Mono config path = 'C:/Program Files/Unity/Hub/Editor/2020.3.6f1/Editor/Data/MonoBleedingEdge/etc'
Using monoOptions --debugger-agent=transport=dt_socket,embedding=1,server=y,suspend=n,address=127.0.0.1:56452
Begin MonoManager ReloadAssembly
Registering precompiled unity dll's ...
Register platform support module: C:/Program Files/Unity/Hub/Editor/2020.3.6f1/Editor/Data/PlaybackEngines/WebGLSupport/UnityEditor.WebGL.Extensions.dll
Register platform support module: C:/Program Files/Unity/Hub/Editor/2020.3.6f1/Editor/Data/PlaybackEngines/WindowsStandaloneSupport/UnityEditor.WindowsStandalone.Extensions.dll
Registered in 0.002555 seconds.
Native extension for WindowsStandalone target not found
Native extension for WebGL target not found
Refreshing native plugins compatible for Editor in 28.93 ms, found 1 plugins.
Preloading 0 native plugins for Editor in 0.00 ms.
Mono: successfully reloaded assembly
- Completed reload, in  0.883 seconds
Platform modules already initialized, skipping
Registering precompiled user dll's ...
Registered in 0.000966 seconds.
Begin MonoManager ReloadAssembly
Native extension for WindowsStandalone target not found
Native extension for WebGL target not found
Refreshing native plugins compatible for Editor in 26.05 ms, found 1 plugins.
Preloading 0 native plugins for Editor in 0.00 ms.
Mono: successfully reloaded assembly
- Completed reload, in  0.651 seconds
Platform modules already initialized, skipping
========================================================================
Worker process is ready to serve import requests
Launched and connected shader compiler UnityShaderCompiler.exe after 0.04 seconds
Refreshing native plugins compatible for Editor in 0.46 ms, found 1 plugins.
Preloading 0 native plugins for Editor in 0.00 ms.
Unloading 1836 Unused Serialized files (Serialized files now loaded: 0)
System memory in use before: 87.4 MB.
System memory in use after: 87.3 MB.

Unloading 24 unused Assets to reduce memory usage. Loaded Objects now: 2279.
Total: 2.075700 ms (FindLiveObjects: 0.162000 ms CreateObjectMapping: 0.035400 ms MarkObjects: 1.745700 ms  DeleteObjects: 0.131200 ms)

========================================================================
Received Import Request.
  path: Assets/Scenes/Stage01.unity
  artifactKey: Guid(2cda990e2423bbf4892e6590ba056729) Importer(815301076,1909f56bfc062723c751e8b465ee728b)
Start importing Assets/Scenes/Stage01.unity using Guid(2cda990e2423bbf4892e6590ba056729) Importer(815301076,1909f56bfc062723c751e8b465ee728b)  -> (artifact id: '2a6f538d4174ff19bc6d36e8457ac90b') in 0.009739 seconds
  Import took 0.012046 seconds .

========================================================================
Received Import Request.
  Time since last request: 5.692142 seconds.
  path: Assets/Scenes/Intro.unity
  artifactKey: Guid(a0a974be65d6226468cacb4e0308d5ba) Importer(815301076,1909f56bfc062723c751e8b465ee728b)
Start importing Assets/Scenes/Intro.unity using Guid(a0a974be65d6226468cacb4e0308d5ba) Importer(815301076,1909f56bfc062723c751e8b465ee728b)  -> (artifact id: 'df0dcd9b694ef6a104b31b561dd84ccd') in 0.004090 seconds
  Import took 0.006798 seconds .

========================================================================
Received Prepare
Refreshing native plugins compatible for Editor in 1.90 ms, found 1 plugins.
Preloading 0 native plugins for Editor in 0.00 ms.
Unloading 11 Unused Serialized files (Serialized files now loaded: 0)
System memory in use before: 50.2 MB.
System memory in use after: 50.1 MB.

Unloading 10 unused Assets to reduce memory usage. Loaded Objects now: 2280.
Total: 2.475200 ms (FindLiveObjects: 0.300300 ms CreateObjectMapping: 0.065900 ms MarkObjects: 1.993100 ms  DeleteObjects: 0.114700 ms)

========================================================================
Received Import Request.
  Time since last request: 202.487257 seconds.
  path: Assets/Script/ButtonEvent.cs
  artifactKey: Guid(ee7f2571b56283b438b0b32a1e690c5d) Importer(815301076,1909f56bfc062723c751e8b465ee728b)
Start importing Assets/Script/ButtonEvent.cs using Guid(ee7f2571b56283b438b0b32a1e690c5d) Importer(815301076,1909f56bfc062723c751e8b465ee728b)  -> (artifact id: '327f05f291e0e52a0a02f26a987adfc3') in 0.023534 seconds
  Import took 0.026470 seconds .

========================================================================
Received Prepare
Registering precompiled user dll's ...
Registered in 0.001033 seconds.
Begin MonoManager ReloadAssembly
Native extension for WindowsStandalone target not found
Native extension for WebGL target not found
Refreshing native plugins compatible for Editor in 0.31 ms, found 1 plugins.
Preloading 0 native plugins for Editor in 0.00 ms.
Mono: successfully reloaded assembly
- Completed reload, in  0.717 seconds
Platform modules already initialized, skipping
Refreshing native plugins compatible for Editor in 0.28 ms, found 1 plugins.
Preloading 0 native plugins for Editor in 0.00 ms.
Unloading 1819 Unused Serialized files (Serialized files now loaded: 0)
System memory in use before: 86.1 MB.
System memory in use after: 86.1 MB.

Unloading 12 unused Assets to reduce memory usage. Loaded Objects now: 2284.
Total: 2.054600 ms (FindLiveObjects: 0.349300 ms CreateObjectMapping: 0.118800 ms MarkObjects: 1.465400 ms  DeleteObjects: 0.119400 ms)

========================================================================
Received Prepare
Registering precompiled user dll's ...
Registered in 0.000993 seconds.
Begin MonoManager ReloadAssembly
Native extension for WindowsStandalone target not found
Native extension for WebGL target not found
Refreshing native plugins compatible for Editor in 0.29 ms, found 1 plugins.
Preloading 0 native plugins for Editor in 0.00 ms.
Mono: successfully reloaded assembly
- Completed reload, in  0.660 seconds
Platform modules already initialized, skipping
Refreshing native plugins compatible for Editor in 0.27 ms, found 1 plugins.
Preloading 0 native plugins for Editor in 0.00 ms.
Unloading 1819 Unused Serialized files (Serialized files now loaded: 0)
System memory in use before: 86.2 MB.
System memory in use after: 86.1 MB.

Unloading 12 unused Assets to reduce memory usage. Loaded Objects now: 2288.
Total: 1.736800 ms (FindLiveObjects: 0.146100 ms CreateObjectMapping: 0.033800 ms MarkObjects: 1.445300 ms  DeleteObjects: 0.110600 ms)

========================================================================
Received Import Request.
  Time since last request: 89.718223 seconds.
  path: Assets/Script/ButtonEvent.cs
  artifactKey: Guid(ee7f2571b56283b438b0b32a1e690c5d) Importer(815301076,1909f56bfc062723c751e8b465ee728b)
Start importing Assets/Script/ButtonEvent.cs using Guid(ee7f2571b56283b438b0b32a1e690c5d) Importer(815301076,1909f56bfc062723c751e8b465ee728b)  -> (artifact id: '0fbe5f04d73a8d5470427de9666d16f9') in 0.005125 seconds
  Import took 0.007710 seconds .

========================================================================
Received Prepare
Registering precompiled user dll's ...
Registered in 0.000945 seconds.
Begin MonoManager ReloadAssembly
Native extension for WindowsStandalone target not found
Native extension for WebGL target not found
Refreshing native plugins compatible for Editor in 0.33 ms, found 1 plugins.
Preloading 0 native plugins for Editor in 0.00 ms.
Mono: successfully reloaded assembly
- Completed reload, in  0.710 seconds
Platform modules already initialized, skipping
Refreshing native plugins compatible for Editor in 0.30 ms, found 1 plugins.
Preloading 0 native plugins for Editor in 0.00 ms.
Unloading 1819 Unused Serialized files (Serialized files now loaded: 0)
System memory in use before: 86.2 MB.
System memory in use after: 86.1 MB.

Unloading 12 unused Assets to reduce memory usage. Loaded Objects now: 2292.
Total: 2.260500 ms (FindLiveObjects: 0.330700 ms CreateObjectMapping: 0.169800 ms MarkObjects: 1.628400 ms  DeleteObjects: 0.130500 ms)

========================================================================
Received Prepare
Registering precompiled user dll's ...
Registered in 0.000951 seconds.
Begin MonoManager ReloadAssembly
Native extension for WindowsStandalone target not found
Native extension for WebGL target not found
Refreshing native plugins compatible for Editor in 0.36 ms, found 1 plugins.
Preloading 0 native plugins for Editor in 0.00 ms.
Mono: successfully reloaded assembly
- Completed reload, in  0.661 seconds
Platform modules already initialized, skipping
Refreshing native plugins compatible for Editor in 0.28 ms, found 1 plugins.
Preloading 0 native plugins for Editor in 0.00 ms.
Unloading 1819 Unused Serialized files (Serialized files now loaded: 0)
System memory in use before: 86.2 MB.
System memory in use after: 86.2 MB.

Unloading 12 unused Assets to reduce memory usage. Loaded Objects now: 2296.
Total: 1.753700 ms (FindLiveObjects: 0.129200 ms CreateObjectMapping: 0.026100 ms MarkObjects: 1.486300 ms  DeleteObjects: 0.111200 ms)

========================================================================
Received Import Request.
  Time since last request: 250.206728 seconds.
  path: Assets/Scenes
  artifactKey: Guid(e7c55350c446731488d6c662d638cc7a) Importer(815301076,1909f56bfc062723c751e8b465ee728b)
Start importing Assets/Scenes using Guid(e7c55350c446731488d6c662d638cc7a) Importer(815301076,1909f56bfc062723c751e8b465ee728b)  -> (artifact id: 'd02522f0a83f5acd53b8e285a8be8ef5') in 0.005780 seconds
  Import took 0.008000 seconds .

========================================================================
Received Import Request.
  Time since last request: 0.002426 seconds.
  path: Assets/Scenes
  artifactKey: Guid(e7c55350c446731488d6c662d638cc7a) Importer(815301076,1909f56bfc062723c751e8b465ee728b)
Start importing Assets/Scenes using Guid(e7c55350c446731488d6c662d638cc7a) Importer(815301076,1909f56bfc062723c751e8b465ee728b)  -> (artifact id: 'd02522f0a83f5acd53b8e285a8be8ef5') in 0.003397 seconds
  Import took 0.006235 seconds .

========================================================================
Received Prepare
Registering precompiled user dll's ...
Registered in 0.001160 seconds.
Begin MonoManager ReloadAssembly
Native extension for WindowsStandalone target not found
Native extension for WebGL target not found
Refreshing native plugins compatible for Editor in 0.28 ms, found 1 plugins.
Preloading 0 native plugins for Editor in 0.00 ms.
Mono: successfully reloaded assembly
- Completed reload, in  0.598 seconds
Platform modules already initialized, skipping
Refreshing native plugins compatible for Editor in 0.29 ms, found 1 plugins.
Preloading 0 native plugins for Editor in 0.00 ms.
Unloading 1819 Unused Serialized files (Serialized files now loaded: 0)
System memory in use before: 86.2 MB.
System memory in use after: 86.2 MB.

Unloading 12 unused Assets to reduce memory usage. Loaded Objects now: 2300.
Total: 1.928900 ms (FindLiveObjects: 0.126000 ms CreateObjectMapping: 0.025800 ms MarkObjects: 1.653000 ms  DeleteObjects: 0.123200 ms)

========================================================================
Received Prepare
Registering precompiled user dll's ...
Registered in 0.000992 seconds.
Begin MonoManager ReloadAssembly
Native extension for WindowsStandalone target not found
Native extension for WebGL target not found
Refreshing native plugins compatible for Editor in 0.45 ms, found 1 plugins.
Preloading 0 native plugins for Editor in 0.00 ms.
Mono: successfully reloaded assembly
- Completed reload, in  0.613 seconds
Platform modules already initialized, skipping
Refreshing native plugins compatible for Editor in 0.28 ms, found 1 plugins.
Preloading 0 native plugins for Editor in 0.00 ms.
Unloading 1819 Unused Serialized files (Serialized files now loaded: 0)
System memory in use before: 86.2 MB.
System memory in use after: 86.2 MB.

Unloading 12 unused Assets to reduce memory usage. Loaded Objects now: 2304.
Total: 1.947400 ms (FindLiveObjects: 0.312700 ms CreateObjectMapping: 0.033300 ms MarkObjects: 1.480400 ms  DeleteObjects: 0.120200 ms)

========================================================================
Received Prepare
Registering precompiled user dll's ...
Registered in 0.001401 seconds.
Begin MonoManager ReloadAssembly
Native extension for WindowsStandalone target not found
Native extension for WebGL target not found
Refreshing native plugins compatible for Editor in 0.29 ms, found 1 plugins.
Preloading 0 native plugins for Editor in 0.00 ms.
Mono: successfully reloaded assembly
- Completed reload, in  0.615 seconds
Platform modules already initialized, skipping
Refreshing native plugins compatible for Editor in 0.27 ms, found 1 plugins.
Preloading 0 native plugins for Editor in 0.00 ms.
Unloading 1819 Unused Serialized files (Serialized files now loaded: 0)
System memory in use before: 86.2 MB.
System memory in use after: 86.2 MB.

Unloading 12 unused Assets to reduce memory usage. Loaded Objects now: 2308.
Total: 1.554200 ms (FindLiveObjects: 0.126200 ms CreateObjectMapping: 0.027100 ms MarkObjects: 1.263600 ms  DeleteObjects: 0.136500 ms)

========================================================================
Received Import Request.
  Time since last request: 873.115156 seconds.
  path: Assets/Scenes/Intro.unity
  artifactKey: Guid(a0a974be65d6226468cacb4e0308d5ba) Importer(815301076,1909f56bfc062723c751e8b465ee728b)
Start importing Assets/Scenes/Intro.unity using Guid(a0a974be65d6226468cacb4e0308d5ba) Importer(815301076,1909f56bfc062723c751e8b465ee728b)  -> (artifact id: '6b26246228db653d45597e2c7a96ed19') in 0.012882 seconds
  Import took 0.015571 seconds .

========================================================================
Received Prepare
Registering precompiled user dll's ...
Registered in 0.001435 seconds.
Begin MonoManager ReloadAssembly
Native extension for WindowsStandalone target not found
Native extension for WebGL target not found
Refreshing native plugins compatible for Editor in 0.33 ms, found 1 plugins.
Preloading 0 native plugins for Editor in 0.00 ms.
Mono: successfully reloaded assembly
- Completed reload, in  0.657 seconds
Platform modules already initialized, skipping
Refreshing native plugins compatible for Editor in 0.28 ms, found 1 plugins.
Preloading 0 native plugins for Editor in 0.00 ms.
Unloading 1819 Unused Serialized files (Serialized files now loaded: 0)
System memory in use before: 86.2 MB.
System memory in use after: 86.2 MB.

Unloading 12 unused Assets to reduce memory usage. Loaded Objects now: 2312.
Total: 2.499000 ms (FindLiveObjects: 0.201700 ms CreateObjectMapping: 0.034400 ms MarkObjects: 2.128000 ms  DeleteObjects: 0.134000 ms)

========================================================================
Received Prepare
Registering precompiled user dll's ...
Registered in 0.000947 seconds.
Begin MonoManager ReloadAssembly
Native extension for WindowsStandalone target not found
Native extension for WebGL target not found
Refreshing native plugins compatible for Editor in 0.29 ms, found 1 plugins.
Preloading 0 native plugins for Editor in 0.00 ms.
Mono: successfully reloaded assembly
- Completed reload, in  0.609 seconds
Platform modules already initialized, skipping
Refreshing native plugins compatible for Editor in 0.29 ms, found 1 plugins.
Preloading 0 native plugins for Editor in 0.00 ms.
Unloading 1819 Unused Serialized files (Serialized files now loaded: 0)
System memory in use before: 86.2 MB.
System memory in use after: 86.2 MB.

Unloading 12 unused Assets to reduce memory usage. Loaded Objects now: 2316.
Total: 1.858900 ms (FindLiveObjects: 0.172400 ms CreateObjectMapping: 0.034800 ms MarkObjects: 1.552800 ms  DeleteObjects: 0.098100 ms)

========================================================================
Received Import Request.
  Time since last request: 186.179652 seconds.
  path: Assets/Scenes/Stage01.unity
  artifactKey: Guid(2cda990e2423bbf4892e6590ba056729) Importer(815301076,1909f56bfc062723c751e8b465ee728b)
Start importing Assets/Scenes/Stage01.unity using Guid(2cda990e2423bbf4892e6590ba056729) Importer(815301076,1909f56bfc062723c751e8b465ee728b)  -> (artifact id: '3f035f091889613420390d5bb553e85b') in 0.013710 seconds
  Import took 0.016637 seconds .

========================================================================
Received Import Request.
  Time since last request: 0.466573 seconds.
  path: Assets/Scenes/GameOver.unity
  artifactKey: Guid(a9fb286d5dce15442a3f9551d2275488) Importer(815301076,1909f56bfc062723c751e8b465ee728b)
Start importing Assets/Scenes/GameOver.unity using Guid(a9fb286d5dce15442a3f9551d2275488) Importer(815301076,1909f56bfc062723c751e8b465ee728b)  -> (artifact id: 'a697adc9522a6d3d89aac67ba137cf40') in 0.004322 seconds
  Import took 0.007088 seconds .

========================================================================
Received Import Request.
  Time since last request: 127.634117 seconds.
  path: Assets/Script/ResultScoreViewer.cs
  artifactKey: Guid(576ffa972f662ff4b9cfc57ef0b70d66) Importer(815301076,1909f56bfc062723c751e8b465ee728b)
Start importing Assets/Script/ResultScoreViewer.cs using Guid(576ffa972f662ff4b9cfc57ef0b70d66) Importer(815301076,1909f56bfc062723c751e8b465ee728b)  -> (artifact id: 'c8b84793cbf30394110fd9bb41861dbc') in 0.004130 seconds
  Import took 0.007064 seconds .

========================================================================
Received Prepare
Registering precompiled user dll's ...
Registered in 0.001002 seconds.
Begin MonoManager ReloadAssembly
Native extension for WindowsStandalone target not found
Native extension for WebGL target not found
Refreshing native plugins compatible for Editor in 0.30 ms, found 1 plugins.
Preloading 0 native plugins for Editor in 0.00 ms.
Mono: successfully reloaded assembly
- Completed reload, in  0.720 seconds
Platform modules already initialized, skipping
Refreshing native plugins compatible for Editor in 0.29 ms, found 1 plugins.
Preloading 0 native plugins for Editor in 0.00 ms.
Unloading 1820 Unused Serialized files (Serialized files now loaded: 0)
System memory in use before: 86.3 MB.
System memory in use after: 86.3 MB.

Unloading 12 unused Assets to reduce memory usage. Loaded Objects now: 2321.
Total: 2.013700 ms (FindLiveObjects: 0.312400 ms CreateObjectMapping: 0.091000 ms MarkObjects: 1.508500 ms  DeleteObjects: 0.100000 ms)

========================================================================
Received Import Request.
  Time since last request: 121.143013 seconds.
  path: Assets/Script/ResultScoreViewer.cs
  artifactKey: Guid(576ffa972f662ff4b9cfc57ef0b70d66) Importer(815301076,1909f56bfc062723c751e8b465ee728b)
Start importing Assets/Script/ResultScoreViewer.cs using Guid(576ffa972f662ff4b9cfc57ef0b70d66) Importer(815301076,1909f56bfc062723c751e8b465ee728b)  -> (artifact id: '81190622daa22420596bb49d2eec23f0') in 0.005518 seconds
  Import took 0.008297 seconds .

========================================================================
Received Import Request.
  Time since last request: 24.052079 seconds.
  path: Assets/Script/ResultScoreViewer.cs
  artifactKey: Guid(576ffa972f662ff4b9cfc57ef0b70d66) Importer(815301076,1909f56bfc062723c751e8b465ee728b)
Start importing Assets/Script/ResultScoreViewer.cs using Guid(576ffa972f662ff4b9cfc57ef0b70d66) Importer(815301076,1909f56bfc062723c751e8b465ee728b)  -> (artifact id: '2f252450b57681c164d2e14ca3d9ad4c') in 0.003485 seconds
  Import took 0.006492 seconds .

========================================================================
Received Prepare
Registering precompiled user dll's ...
Registered in 0.001038 seconds.
Begin MonoManager ReloadAssembly
Native extension for WindowsStandalone target not found
Native extension for WebGL target not found
Refreshing native plugins compatible for Editor in 0.29 ms, found 1 plugins.
Preloading 0 native plugins for Editor in 0.00 ms.
Mono: successfully reloaded assembly
- Completed reload, in  0.605 seconds
Platform modules already initialized, skipping
Refreshing native plugins compatible for Editor in 0.29 ms, found 1 plugins.
Preloading 0 native plugins for Editor in 0.00 ms.
Unloading 1820 Unused Serialized files (Serialized files now loaded: 0)
System memory in use before: 86.3 MB.
System memory in use after: 86.3 MB.

Unloading 12 unused Assets to reduce memory usage. Loaded Objects now: 2325.
Total: 1.567200 ms (FindLiveObjects: 0.144500 ms CreateObjectMapping: 0.043700 ms MarkObjects: 1.291200 ms  DeleteObjects: 0.086800 ms)

========================================================================
Received Import Request.
  Time since last request: 72.487735 seconds.
  path: Assets/Script/ResultScoreViewer.cs
  artifactKey: Guid(576ffa972f662ff4b9cfc57ef0b70d66) Importer(815301076,1909f56bfc062723c751e8b465ee728b)
Start importing Assets/Script/ResultScoreViewer.cs using Guid(576ffa972f662ff4b9cfc57ef0b70d66) Importer(815301076,1909f56bfc062723c751e8b465ee728b)  -> (artifact id: 'a83f91f2c50b16dcf16ba4b5d8a1488f') in 0.006216 seconds
  Import took 0.009084 seconds .

========================================================================
Received Prepare
Registering precompiled user dll's ...
Registered in 0.001528 seconds.
Begin MonoManager ReloadAssembly
Native extension for WindowsStandalone target not found
Native extension for WebGL target not found
Refreshing native plugins compatible for Editor in 0.31 ms, found 1 plugins.
Preloading 0 native plugins for Editor in 0.00 ms.
Mono: successfully reloaded assembly
- Completed reload, in  0.700 seconds
Platform modules already initialized, skipping
Refreshing native plugins compatible for Editor in 0.30 ms, found 1 plugins.
Preloading 0 native plugins for Editor in 0.00 ms.
Unloading 1820 Unused Serialized files (Serialized files now loaded: 0)
System memory in use before: 86.3 MB.
System memory in use after: 86.3 MB.

Unloading 12 unused Assets to reduce memory usage. Loaded Objects now: 2329.
Total: 1.495300 ms (FindLiveObjects: 0.123700 ms CreateObjectMapping: 0.036600 ms MarkObjects: 1.247200 ms  DeleteObjects: 0.087000 ms)

AssetImportWorkerClient::OnTransportError - code=2 error=End of file
